<?xml version="1.0" encoding="UTF-8"?>
<!-- Generated by org.testng.reporters.JUnitXMLReporter -->
<testsuite hostname="Krishna" name="Test" tests="1" failures="0" timestamp="30 Jul 2020 04:51:10 GMT" time="8.197" errors="0">
  <testcase name="@BeforeMethod beforeMethod" time="0.0" classname="com.testing.TestFile">
    <failure type="java.lang.NullPointerException">
      <![CDATA[java.lang.NullPointerException
	at com.testing.PageFile.openURL(PageFile.java:33)
	at com.testing.TestFile.beforeMethod(TestFile.java:15)
... Removed 26 stack frames]]>
    </failure>
  </testcase> <!-- @BeforeMethod beforeMethod -->
  <testcase name="@AfterMethod afterMethod" time="0.0" classname="com.testing.TestFile">
    <skipped/>
  </testcase> <!-- @AfterMethod afterMethod -->
  <testcase name="test2" time="0.004" classname="com.testing.TestFile">
    <skipped/>
  </testcase> <!-- test2 -->
</testsuite> <!-- Test -->
